<?xml version="1.0" encoding="UTF-8"?>
<!-- Generated by org.testng.reporters.JUnitReportReporter -->
<testsuite hostname="CBE5CD3170Y3Q" failures="0" tests="1" name="Com.ACC.Test.TC_001_login" time="79.266" errors="0" timestamp="2025-08-23T00:11:26 AEST" skipped="0">
  <testcase classname="Com.ACC.Test.TC_001_login" name="login_page" time="79.266"/>
  <system-out/>
</testsuite> <!-- Com.ACC.Test.TC_001_login -->
