<?xml version="1.0" encoding="UTF-8"?>
<!-- Generated by org.testng.reporters.JUnitReportReporter -->
<testsuite hostname="CBE5CD3170Y3Q" failures="0" tests="1" name="Cucumber_TC_Creation.Runner$Runnerclass" time="0.305" errors="0" timestamp="2025-05-28T02:09:42 AEST" skipped="1">
  <testcase classname="Cucumber_TC_Creation.Runner$Runnerclass" name="runScenario" time="0.305">
    <skipped/>
  </testcase> <!-- runScenario -->
  <system-out/>
</testsuite> <!-- Cucumber_TC_Creation.Runner$Runnerclass -->
